[debug] [2023-05-23T22:01:47.036Z] ----------------------------------------------------------------------
[debug] [2023-05-23T22:01:47.041Z] Command:       C:\Program Files\nodejs\node.exe C:\Users\joeul\Desktop\Todays day\node_modules\firebase-tools\lib\bin\firebase.js init
[debug] [2023-05-23T22:01:47.042Z] CLI Version:   12.2.0
[debug] [2023-05-23T22:01:47.043Z] Platform:      win32
[debug] [2023-05-23T22:01:47.043Z] Node Version:  v19.4.0
[debug] [2023-05-23T22:01:47.043Z] Time:          Tue May 23 2023 18:01:47 GMT-0400 (Eastern Daylight Time)
[debug] [2023-05-23T22:01:47.043Z] ----------------------------------------------------------------------
[debug] 
[debug] [2023-05-23T22:01:47.052Z] >>> [apiv2][query] GET https://firebase-public.firebaseio.com/cli.json [none]
[debug] [2023-05-23T22:01:47.175Z] > command requires scopes: ["email","openid","https://www.googleapis.com/auth/cloudplatformprojects.readonly","https://www.googleapis.com/auth/firebase","https://www.googleapis.com/auth/cloud-platform"]
[debug] [2023-05-23T22:01:47.176Z] > authorizing via signed-in user (joeulam345@gmail.com)
[info] 
     ######## #### ########  ######## ########     ###     ######  ########
     ##        ##  ##     ## ##       ##     ##  ##   ##  ##       ##
     ######    ##  ########  ######   ########  #########  ######  ######
     ##        ##  ##    ##  ##       ##     ## ##     ##       ## ##
     ##       #### ##     ## ######## ########  ##     ##  ######  ########

You're about to initialize a Firebase project in this directory:

  C:\Users\joeul\Desktop\Todays day

[debug] [2023-05-23T22:01:47.401Z] <<< [apiv2][status] GET https://firebase-public.firebaseio.com/cli.json 200
[debug] [2023-05-23T22:01:47.402Z] <<< [apiv2][body] GET https://firebase-public.firebaseio.com/cli.json {"cloudBuildErrorAfter":1594252800000,"cloudBuildWarnAfter":1590019200000,"defaultNode10After":1594252800000,"minVersion":"3.0.5","node8DeploysDisabledAfter":1613390400000,"node8RuntimeDisabledAfter":1615809600000,"node8WarnAfter":1600128000000}
[info] 
=== Project Setup
[info] 
[info] First, let's associate this project directory with a Firebase project.
[info] You can create multiple project aliases by running firebase use --add, 
[info] but for now we'll just set up a default project.
[info] 
[debug] [2023-05-23T22:03:23.095Z] > refreshing access token with scopes: []
[debug] [2023-05-23T22:03:23.097Z] >>> [apiv2][query] POST https://www.googleapis.com/oauth2/v3/token [none]
[debug] [2023-05-23T22:03:23.097Z] >>> [apiv2][body] POST https://www.googleapis.com/oauth2/v3/token [omitted]
[debug] [2023-05-23T22:03:23.283Z] <<< [apiv2][status] POST https://www.googleapis.com/oauth2/v3/token 200
[debug] [2023-05-23T22:03:23.284Z] <<< [apiv2][body] POST https://www.googleapis.com/oauth2/v3/token [omitted]
[debug] [2023-05-23T22:03:23.299Z] >>> [apiv2][query] GET https://firebase.googleapis.com/v1beta1/projects pageSize=100
[debug] [2023-05-23T22:03:23.805Z] <<< [apiv2][status] GET https://firebase.googleapis.com/v1beta1/projects 200
[debug] [2023-05-23T22:03:23.806Z] <<< [apiv2][body] GET https://firebase.googleapis.com/v1beta1/projects [omitted]
[info] i  Using project weather-ac140 (weather) 
[info] 
=== Functions Setup
[debug] [2023-05-23T22:03:28.663Z] > command requires scopes: ["email","openid","https://www.googleapis.com/auth/cloudplatformprojects.readonly","https://www.googleapis.com/auth/firebase","https://www.googleapis.com/auth/cloud-platform"]
[debug] [2023-05-23T22:03:28.664Z] > authorizing via signed-in user (joeulam345@gmail.com)
[debug] [2023-05-23T22:03:28.664Z] [iam] checking project weather-ac140 for permissions ["firebase.projects.get"]
[debug] [2023-05-23T22:03:28.665Z] >>> [apiv2][query] POST https://cloudresourcemanager.googleapis.com/v1/projects/weather-ac140:testIamPermissions [none]
[debug] [2023-05-23T22:03:28.665Z] >>> [apiv2][(partial)header] POST https://cloudresourcemanager.googleapis.com/v1/projects/weather-ac140:testIamPermissions x-goog-quota-user=projects/weather-ac140
[debug] [2023-05-23T22:03:28.666Z] >>> [apiv2][body] POST https://cloudresourcemanager.googleapis.com/v1/projects/weather-ac140:testIamPermissions {"permissions":["firebase.projects.get"]}
[debug] [2023-05-23T22:03:28.933Z] <<< [apiv2][status] POST https://cloudresourcemanager.googleapis.com/v1/projects/weather-ac140:testIamPermissions 200
[debug] [2023-05-23T22:03:28.934Z] <<< [apiv2][body] POST https://cloudresourcemanager.googleapis.com/v1/projects/weather-ac140:testIamPermissions {"permissions":["firebase.projects.get"]}
[debug] [2023-05-23T22:03:28.935Z] >>> [apiv2][query] GET https://serviceusage.googleapis.com/v1/projects/weather-ac140/services/cloudfunctions.googleapis.com [none]
[debug] [2023-05-23T22:03:28.935Z] >>> [apiv2][(partial)header] GET https://serviceusage.googleapis.com/v1/projects/weather-ac140/services/cloudfunctions.googleapis.com x-goog-quota-user=projects/weather-ac140
[debug] [2023-05-23T22:03:28.938Z] >>> [apiv2][query] GET https://serviceusage.googleapis.com/v1/projects/weather-ac140/services/runtimeconfig.googleapis.com [none]
[debug] [2023-05-23T22:03:28.938Z] >>> [apiv2][(partial)header] GET https://serviceusage.googleapis.com/v1/projects/weather-ac140/services/runtimeconfig.googleapis.com x-goog-quota-user=projects/weather-ac140
[debug] [2023-05-23T22:03:29.374Z] <<< [apiv2][status] GET https://serviceusage.googleapis.com/v1/projects/weather-ac140/services/runtimeconfig.googleapis.com 200
[debug] [2023-05-23T22:03:29.374Z] <<< [apiv2][body] GET https://serviceusage.googleapis.com/v1/projects/weather-ac140/services/runtimeconfig.googleapis.com [omitted]
[debug] [2023-05-23T22:03:29.378Z] <<< [apiv2][status] GET https://serviceusage.googleapis.com/v1/projects/weather-ac140/services/cloudfunctions.googleapis.com 200
[debug] [2023-05-23T22:03:29.378Z] <<< [apiv2][body] GET https://serviceusage.googleapis.com/v1/projects/weather-ac140/services/cloudfunctions.googleapis.com [omitted]
[debug] [2023-05-23T22:03:29.379Z] >>> [apiv2][query] POST https://serviceusage.googleapis.com/v1/projects/weather-ac140/services/cloudfunctions.googleapis.com:enable [none]
[debug] [2023-05-23T22:03:29.380Z] >>> [apiv2][(partial)header] POST https://serviceusage.googleapis.com/v1/projects/weather-ac140/services/cloudfunctions.googleapis.com:enable x-goog-quota-user=projects/weather-ac140
[debug] [2023-05-23T22:03:30.470Z] <<< [apiv2][status] POST https://serviceusage.googleapis.com/v1/projects/weather-ac140/services/cloudfunctions.googleapis.com:enable 200
[debug] [2023-05-23T22:03:30.471Z] <<< [apiv2][body] POST https://serviceusage.googleapis.com/v1/projects/weather-ac140/services/cloudfunctions.googleapis.com:enable [omitted]
[debug] [2023-05-23T22:03:40.482Z] >>> [apiv2][query] GET https://serviceusage.googleapis.com/v1/projects/weather-ac140/services/cloudfunctions.googleapis.com [none]
[debug] [2023-05-23T22:03:40.482Z] >>> [apiv2][(partial)header] GET https://serviceusage.googleapis.com/v1/projects/weather-ac140/services/cloudfunctions.googleapis.com x-goog-quota-user=projects/weather-ac140
[debug] [2023-05-23T22:03:40.916Z] <<< [apiv2][status] GET https://serviceusage.googleapis.com/v1/projects/weather-ac140/services/cloudfunctions.googleapis.com 200
[debug] [2023-05-23T22:03:40.916Z] <<< [apiv2][body] GET https://serviceusage.googleapis.com/v1/projects/weather-ac140/services/cloudfunctions.googleapis.com [omitted]
[info] Let's create a new codebase for your functions.
[info] A directory corresponding to the codebase will be created in your project
[info] with sample code pre-configured.

[info] See https://firebase.google.com/docs/functions/organize-functions for
[info] more information on organizing your functions using codebases.

[info] Functions can be deployed with firebase deploy.

